<?xml version="1.0" encoding="utf-8"?><testsuites name="pytest tests"><testsuite name="pytest" errors="0" failures="0" skipped="0" tests="8" time="35.108" timestamp="2026-09-15T21:48:05.465648+00:00" hostname="agent-env-b16020e5-2bc4-4d07-9384-93f1eeeee36a"><testcase classname="tests.test_coco_ai.TestAdminGroqKeys" name="test_admin_login_success" time="0.213" /><testcase classname="tests.test_coco_ai.TestAdminGroqKeys" name="test_list_keys_returns_array" time="0.510" /><testcase classname="tests.test_coco_ai.TestAnalyzeEndpoint" name="test_analyze_no_generic_500_and_credit_refunded_on_failure" time="34.401" /><testcase classname="tests.test_coco_ai.TestAdminGroqKeys" name="test_add_pause_delete_dummy_key" time="2.147" /><testcase classname="tests.test_coco_ai.TestAdminGroqKeys" name="test_reject_invalid_key_prefix" time="0.066" /><testcase classname="tests.test_coco_ai.TestAdminGroqKeys" name="test_unauthorized_without_cookie" time="0.165" /><testcase classname="tests.test_coco_ai.TestAnalyzeEndpoint" name="test_analyze_requires_auth" time="0.243" /><testcase classname="tests.test_coco_ai.TestAnalyzeEndpoint" name="test_analyze_rejects_missing_image" time="0.150" /></testsuite></testsuites>